<?xml version="1.0" encoding="UTF-8"?>
<!-- Generated by org.testng.reporters.JUnitReportReporter -->
<testsuite hostname="DESKTOP-BHR3PSD" failures="0" tests="8" name="TestNG.VerifyAddToCartFunctionality" time="16.164" errors="2" timestamp="2023-04-11T16:52:17 IST" skipped="6">
  <testcase classname="TestNG.VerifyAddToCartFunctionality" name="goToHomePageItem" time="10.248">
    <error message="no such window: target window already closed
from unknown error: web view not found
  (Session info: chrome=111.0.5563.148)
Build info: version: &#039;3.141.59&#039;, revision: &#039;e82be7d358&#039;, time: &#039;2018-11-14T08:17:03&#039;
System info: host: &#039;DESKTOP-BHR3PSD&#039;, ip: &#039;192.168.1.3&#039;, os.name: &#039;Windows 11&#039;, os.arch: &#039;amd64&#039;, os.version: &#039;10.0&#039;, java.version: &#039;17.0.5&#039;
Driver info: org.openqa.selenium.chrome.ChromeDriver
Capabilities {acceptInsecureCerts: false, browserName: chrome, browserVersion: 111.0.5563.148, chrome: {chromedriverVersion: 111.0.5563.64 (c710e93d5b63..., userDataDir: C:\Users\amol\AppData\Local...}, goog:chromeOptions: {debuggerAddress: localhost:59915}, javascriptEnabled: true, networkConnectionEnabled: false, pageLoadStrategy: normal, platform: WINDOWS, platformName: WINDOWS, proxy: Proxy(), setWindowRect: true, strictFileInteractability: false, timeouts: {implicit: 0, pageLoad: 300000, script: 30000}, unhandledPromptBehavior: dismiss and notify, webauthn:extension:credBlob: true, webauthn:extension:largeBlob: true, webauthn:extension:minPinLength: true, webauthn:extension:prf: true, webauthn:virtualAuthenticators: true}
Session ID: 3be8a384356473d383ef16cb3bfa1816
*** Element info: {Using=xpath, value=(//div[@data-index=&#039;2&#039;]//div[2])[1]}" type="org.openqa.selenium.NoSuchWindowException">
      <![CDATA[org.openqa.selenium.NoSuchWindowException: no such window: target window already closed
from unknown error: web view not found
  (Session info: chrome=111.0.5563.148)
Build info: version: '3.141.59', revision: 'e82be7d358', time: '2018-11-14T08:17:03'
System info: host: 'DESKTOP-BHR3PSD', ip: '192.168.1.3', os.name: 'Windows 11', os.arch: 'amd64', os.version: '10.0', java.version: '17.0.5'
Driver info: org.openqa.selenium.chrome.ChromeDriver
Capabilities {acceptInsecureCerts: false, browserName: chrome, browserVersion: 111.0.5563.148, chrome: {chromedriverVersion: 111.0.5563.64 (c710e93d5b63..., userDataDir: C:\Users\amol\AppData\Local...}, goog:chromeOptions: {debuggerAddress: localhost:59915}, javascriptEnabled: true, networkConnectionEnabled: false, pageLoadStrategy: normal, platform: WINDOWS, platformName: WINDOWS, proxy: Proxy(), setWindowRect: true, strictFileInteractability: false, timeouts: {implicit: 0, pageLoad: 300000, script: 30000}, unhandledPromptBehavior: dismiss and notify, webauthn:extension:credBlob: true, webauthn:extension:largeBlob: true, webauthn:extension:minPinLength: true, webauthn:extension:prf: true, webauthn:virtualAuthenticators: true}
Session ID: 3be8a384356473d383ef16cb3bfa1816
*** Element info: {Using=xpath, value=(//div[@data-index='2']//div[2])[1]}
at java.base/jdk.internal.reflect.NativeConstructorAccessorImpl.newInstance0(Native Method)
at java.base/jdk.internal.reflect.NativeConstructorAccessorImpl.newInstance(NativeConstructorAccessorImpl.java:77)
at java.base/jdk.internal.reflect.DelegatingConstructorAccessorImpl.newInstance(DelegatingConstructorAccessorImpl.java:45)
at java.base/java.lang.reflect.Constructor.newInstanceWithCaller(Constructor.java:499)
at java.base/java.lang.reflect.Constructor.newInstance(Constructor.java:480)
at org.openqa.selenium.remote.http.W3CHttpResponseCodec.createException(W3CHttpResponseCodec.java:187)
at org.openqa.selenium.remote.http.W3CHttpResponseCodec.decode(W3CHttpResponseCodec.java:122)
at org.openqa.selenium.remote.http.W3CHttpResponseCodec.decode(W3CHttpResponseCodec.java:49)
at org.openqa.selenium.remote.HttpCommandExecutor.execute(HttpCommandExecutor.java:158)
at org.openqa.selenium.remote.service.DriverCommandExecutor.execute(DriverCommandExecutor.java:83)
at org.openqa.selenium.remote.RemoteWebDriver.execute(RemoteWebDriver.java:552)
at org.openqa.selenium.remote.RemoteWebDriver.findElement(RemoteWebDriver.java:323)
at org.openqa.selenium.remote.RemoteWebDriver.findElementByXPath(RemoteWebDriver.java:428)
at org.openqa.selenium.By$ByXPath.findElement(By.java:353)
at org.openqa.selenium.remote.RemoteWebDriver.findElement(RemoteWebDriver.java:315)
at org.openqa.selenium.support.pagefactory.DefaultElementLocator.findElement(DefaultElementLocator.java:69)
at org.openqa.selenium.support.pagefactory.internal.LocatingElementHandler.invoke(LocatingElementHandler.java:38)
at jdk.proxy2/jdk.proxy2.$Proxy17.click(Unknown Source)
at Page.ResultPage.clickOnFirstMobileDisplayed(ResultPage.java:21)
at TestNG.VerifyAddToCartFunctionality.goToHomePageItem(VerifyAddToCartFunctionality.java:68)
at java.base/jdk.internal.reflect.NativeMethodAccessorImpl.invoke0(Native Method)
at java.base/jdk.internal.reflect.NativeMethodAccessorImpl.invoke(NativeMethodAccessorImpl.java:77)
at java.base/jdk.internal.reflect.DelegatingMethodAccessorImpl.invoke(DelegatingMethodAccessorImpl.java:43)
at java.base/java.lang.reflect.Method.invoke(Method.java:568)
at org.testng.internal.MethodInvocationHelper.invokeMethod(MethodInvocationHelper.java:133)
at org.testng.internal.MethodInvocationHelper.invokeMethodConsideringTimeout(MethodInvocationHelper.java:62)
at org.testng.internal.ConfigInvoker.invokeConfigurationMethod(ConfigInvoker.java:385)
at org.testng.internal.ConfigInvoker.invokeConfigurations(ConfigInvoker.java:321)
at org.testng.internal.TestInvoker.runConfigMethods(TestInvoker.java:700)
at org.testng.internal.TestInvoker.invokeMethod(TestInvoker.java:527)
at org.testng.internal.TestInvoker.invokeTestMethod(TestInvoker.java:173)
at org.testng.internal.MethodRunner.runInSequence(MethodRunner.java:46)
at org.testng.internal.TestInvoker$MethodInvocationAgent.invoke(TestInvoker.java:824)
at org.testng.internal.TestInvoker.invokeTestMethods(TestInvoker.java:146)
at org.testng.internal.TestMethodWorker.invokeTestMethods(TestMethodWorker.java:146)
at org.testng.internal.TestMethodWorker.run(TestMethodWorker.java:128)
at java.base/java.util.concurrent.ThreadPoolExecutor.runWorker(ThreadPoolExecutor.java:1136)
at java.base/java.util.concurrent.ThreadPoolExecutor$Worker.run(ThreadPoolExecutor.java:635)
at java.base/java.lang.Thread.run(Thread.java:833)
]]>
    </error>
  </testcase> <!-- goToHomePageItem -->
  <system-out/>
  <testcase classname="TestNG.VerifyAddToCartFunctionality" name="openBrowser" time="5.916">
    <error message="disconnected: not connected to DevTools
  (failed to check if window was closed: disconnected: not connected to DevTools)
  (Session info: MicrosoftEdge=112.0.1722.34)
Build info: version: &#039;3.141.59&#039;, revision: &#039;e82be7d358&#039;, time: &#039;2018-11-14T08:17:03&#039;
System info: host: &#039;DESKTOP-BHR3PSD&#039;, ip: &#039;192.168.1.3&#039;, os.name: &#039;Windows 11&#039;, os.arch: &#039;amd64&#039;, os.version: &#039;10.0&#039;, java.version: &#039;17.0.5&#039;
Driver info: driver.version: EdgeDriver
remote stacktrace: Backtrace:
	Microsoft::Applications::Events::EventProperties::SetProperty [0x00007FF7A8E5A5C2+12658]
	Microsoft::Applications::Events::EventProperty::EventProperty [0x00007FF7A8DF2862+747634]
	(No symbol) [0x00007FF7A8A8DD2E]
	(No symbol) [0x00007FF7A8A77C01]
	(No symbol) [0x00007FF7A8A79001]
	(No symbol) [0x00007FF7A8A78F30]
	(No symbol) [0x00007FF7A8A66202]
	(No symbol) [0x00007FF7A8A65D7A]
	(No symbol) [0x00007FF7A8AF7316]
	(No symbol) [0x00007FF7A8AEF1C3]
	(No symbol) [0x00007FF7A8AC17D6]
	(No symbol) [0x00007FF7A8AC09B5]
	(No symbol) [0x00007FF7A8AC1F44]
	Microsoft::Applications::Events::EventProperties::SetProperty [0x00007FF7A8D05530+147088]
	(No symbol) [0x00007FF7A8BA91A6]
	Microsoft::Applications::Events::EventProperty::EventProperty [0x00007FF7A8D44497+33959]
	Microsoft::Applications::Events::EventProperty::EventProperty [0x00007FF7A8D47F65+49013]
	Microsoft::Applications::Events::ILogManager::DispatchEventBroadcast [0x00007FF7A9039933+1305299]
	Microsoft::Applications::Events::EventProperty::EventProperty [0x00007FF7A8DFAE1C+781868]
	Microsoft::Applications::Events::EventProperty::EventProperty [0x00007FF7A8E00344+803668]
	Microsoft::Applications::Events::EventProperty::EventProperty [0x00007FF7A8E0049C+804012]
	Microsoft::Applications::Events::EventProperty::EventProperty [0x00007FF7A8E085A1+837041]
	BaseThreadInitThunk [0x00007FFD5D75269D+29]
	RtlUserThreadStart [0x00007FFD5ECAA9F8+40]
" type="org.openqa.selenium.WebDriverException">
      <![CDATA[org.openqa.selenium.WebDriverException: disconnected: not connected to DevTools
  (failed to check if window was closed: disconnected: not connected to DevTools)
  (Session info: MicrosoftEdge=112.0.1722.34)
Build info: version: '3.141.59', revision: 'e82be7d358', time: '2018-11-14T08:17:03'
System info: host: 'DESKTOP-BHR3PSD', ip: '192.168.1.3', os.name: 'Windows 11', os.arch: 'amd64', os.version: '10.0', java.version: '17.0.5'
Driver info: driver.version: EdgeDriver
remote stacktrace: Backtrace:
Microsoft::Applications::Events::EventProperties::SetProperty [0x00007FF7A8E5A5C2+12658]
Microsoft::Applications::Events::EventProperty::EventProperty [0x00007FF7A8DF2862+747634]
(No symbol) [0x00007FF7A8A8DD2E]
(No symbol) [0x00007FF7A8A77C01]
(No symbol) [0x00007FF7A8A79001]
(No symbol) [0x00007FF7A8A78F30]
(No symbol) [0x00007FF7A8A66202]
(No symbol) [0x00007FF7A8A65D7A]
(No symbol) [0x00007FF7A8AF7316]
(No symbol) [0x00007FF7A8AEF1C3]
(No symbol) [0x00007FF7A8AC17D6]
(No symbol) [0x00007FF7A8AC09B5]
(No symbol) [0x00007FF7A8AC1F44]
Microsoft::Applications::Events::EventProperties::SetProperty [0x00007FF7A8D05530+147088]
(No symbol) [0x00007FF7A8BA91A6]
Microsoft::Applications::Events::EventProperty::EventProperty [0x00007FF7A8D44497+33959]
Microsoft::Applications::Events::EventProperty::EventProperty [0x00007FF7A8D47F65+49013]
Microsoft::Applications::Events::ILogManager::DispatchEventBroadcast [0x00007FF7A9039933+1305299]
Microsoft::Applications::Events::EventProperty::EventProperty [0x00007FF7A8DFAE1C+781868]
Microsoft::Applications::Events::EventProperty::EventProperty [0x00007FF7A8E00344+803668]
Microsoft::Applications::Events::EventProperty::EventProperty [0x00007FF7A8E0049C+804012]
Microsoft::Applications::Events::EventProperty::EventProperty [0x00007FF7A8E085A1+837041]
BaseThreadInitThunk [0x00007FFD5D75269D+29]
RtlUserThreadStart [0x00007FFD5ECAA9F8+40]

at java.base/jdk.internal.reflect.NativeConstructorAccessorImpl.newInstance0(Native Method)
at java.base/jdk.internal.reflect.NativeConstructorAccessorImpl.newInstance(NativeConstructorAccessorImpl.java:77)
at java.base/jdk.internal.reflect.DelegatingConstructorAccessorImpl.newInstance(DelegatingConstructorAccessorImpl.java:45)
at java.base/java.lang.reflect.Constructor.newInstanceWithCaller(Constructor.java:499)
at java.base/java.lang.reflect.Constructor.newInstance(Constructor.java:480)
at org.openqa.selenium.remote.W3CHandshakeResponse.lambda$errorHandler$0(W3CHandshakeResponse.java:62)
at org.openqa.selenium.remote.HandshakeResponse.lambda$getResponseFunction$0(HandshakeResponse.java:30)
at org.openqa.selenium.remote.ProtocolHandshake.lambda$createSession$0(ProtocolHandshake.java:126)
at java.base/java.util.stream.ReferencePipeline$3$1.accept(ReferencePipeline.java:197)
at java.base/java.util.Spliterators$ArraySpliterator.tryAdvance(Spliterators.java:1002)
at java.base/java.util.stream.ReferencePipeline.forEachWithCancel(ReferencePipeline.java:129)
at java.base/java.util.stream.AbstractPipeline.copyIntoWithCancel(AbstractPipeline.java:527)
at java.base/java.util.stream.AbstractPipeline.copyInto(AbstractPipeline.java:513)
at java.base/java.util.stream.AbstractPipeline.wrapAndCopyInto(AbstractPipeline.java:499)
at java.base/java.util.stream.FindOps$FindOp.evaluateSequential(FindOps.java:150)
at java.base/java.util.stream.AbstractPipeline.evaluate(AbstractPipeline.java:234)
at java.base/java.util.stream.ReferencePipeline.findFirst(ReferencePipeline.java:647)
at org.openqa.selenium.remote.ProtocolHandshake.createSession(ProtocolHandshake.java:128)
at org.openqa.selenium.remote.ProtocolHandshake.createSession(ProtocolHandshake.java:74)
at org.openqa.selenium.remote.HttpCommandExecutor.execute(HttpCommandExecutor.java:136)
at org.openqa.selenium.remote.service.DriverCommandExecutor.execute(DriverCommandExecutor.java:83)
at org.openqa.selenium.remote.RemoteWebDriver.execute(RemoteWebDriver.java:552)
at org.openqa.selenium.remote.RemoteWebDriver.startSession(RemoteWebDriver.java:213)
at org.openqa.selenium.remote.RemoteWebDriver.<init>(RemoteWebDriver.java:131)
at org.openqa.selenium.edge.EdgeDriver.<init>(EdgeDriver.java:141)
at org.openqa.selenium.edge.EdgeDriver.<init>(EdgeDriver.java:96)
at browserSetup.Base.openEdgeBrowser(Base.java:20)
at TestNG.VerifyAddToCartFunctionality.openBrowser(VerifyAddToCartFunctionality.java:47)
at java.base/jdk.internal.reflect.NativeMethodAccessorImpl.invoke0(Native Method)
at java.base/jdk.internal.reflect.NativeMethodAccessorImpl.invoke(NativeMethodAccessorImpl.java:77)
at java.base/jdk.internal.reflect.DelegatingMethodAccessorImpl.invoke(DelegatingMethodAccessorImpl.java:43)
at java.base/java.lang.reflect.Method.invoke(Method.java:568)
at org.testng.internal.MethodInvocationHelper.invokeMethod(MethodInvocationHelper.java:133)
at org.testng.internal.MethodInvocationHelper.invokeMethodConsideringTimeout(MethodInvocationHelper.java:62)
at org.testng.internal.ConfigInvoker.invokeConfigurationMethod(ConfigInvoker.java:385)
at org.testng.internal.ConfigInvoker.invokeConfigurations(ConfigInvoker.java:321)
at org.testng.TestRunner.invokeTestConfigurations(TestRunner.java:637)
at org.testng.TestRunner.beforeRun(TestRunner.java:627)
at org.testng.TestRunner.run(TestRunner.java:589)
at org.testng.SuiteRunner.runTest(SuiteRunner.java:377)
at org.testng.SuiteRunner.access$000(SuiteRunner.java:28)
at org.testng.SuiteRunner$SuiteWorker.run(SuiteRunner.java:418)
at org.testng.internal.thread.ThreadUtil.lambda$execute$0(ThreadUtil.java:64)
at java.base/java.util.concurrent.FutureTask.run(FutureTask.java:264)
at java.base/java.util.concurrent.ThreadPoolExecutor.runWorker(ThreadPoolExecutor.java:1136)
at java.base/java.util.concurrent.ThreadPoolExecutor$Worker.run(ThreadPoolExecutor.java:635)
at java.base/java.lang.Thread.run(Thread.java:833)
]]>
    </error>
  </testcase> <!-- openBrowser -->
  <system-out/>
  <testcase classname="TestNG.VerifyAddToCartFunctionality" name="verifyTextOnCartPage" time="0.000">
    <skipped/>
  </testcase> <!-- verifyTextOnCartPage -->
  <system-out/>
  <testcase classname="TestNG.VerifyAddToCartFunctionality" name="verifyTextOnCartPage" time="0.000">
    <skipped/>
  </testcase> <!-- verifyTextOnCartPage -->
  <system-out/>
  <testcase classname="TestNG.VerifyAddToCartFunctionality" name="verifyProceedToCheckOutButton" time="0.000">
    <skipped/>
  </testcase> <!-- verifyProceedToCheckOutButton -->
  <system-out/>
  <testcase classname="TestNG.VerifyAddToCartFunctionality" name="verifyProceedToCheckOutButton" time="0.000">
    <skipped/>
  </testcase> <!-- verifyProceedToCheckOutButton -->
  <system-out/>
  <testcase classname="TestNG.VerifyAddToCartFunctionality" name="verifyCartButton" time="0.000">
    <skipped/>
  </testcase> <!-- verifyCartButton -->
  <system-out/>
  <testcase classname="TestNG.VerifyAddToCartFunctionality" name="verifyCartButton" time="0.000">
    <skipped/>
  </testcase> <!-- verifyCartButton -->
  <system-out/>
</testsuite> <!-- TestNG.VerifyAddToCartFunctionality -->
