<?xml version="1.0" encoding="UTF-8"?>
<!-- Generated by org.testng.reporters.JUnitReportReporter -->
<testsuite hostname="DESKTOP-BHR3PSD" failures="0" tests="3" name="TestNG.TestClassNG" time="30.779" errors="0" timestamp="2023-03-22T20:46:59 IST" skipped="0">
  <testcase classname="TestNG.TestClassNG" name="verifyAmazonMiniTvPage" time="7.560"/>
  <system-out/>
  <testcase classname="TestNG.TestClassNG" name="verifySearchTextBox" time="14.472"/>
  <system-out/>
  <testcase classname="TestNG.TestClassNG" name="verifySignInPage" time="8.747"/>
  <system-out/>
</testsuite> <!-- TestNG.TestClassNG -->
