<?xml version="1.0" encoding="UTF-8"?>
<!-- Generated by org.testng.reporters.JUnitReportReporter -->
<testsuite hostname="DESKTOP-BHR3PSD" failures="0" tests="6" name="TestNG.VerifyHomePage" time="106.982" errors="0" timestamp="2023-04-01T16:15:49 IST" skipped="0">
  <testcase classname="TestNG.VerifyHomePage" name="verifyAmazonMiniTvPage" time="14.959"/>
  <system-out/>
  <testcase classname="TestNG.VerifyHomePage" name="verifyAmazonMiniTvPage" time="9.976"/>
  <system-out/>
  <testcase classname="TestNG.VerifyHomePage" name="verifySearchTextBox" time="15.205"/>
  <system-out/>
  <testcase classname="TestNG.VerifyHomePage" name="verifySearchTextBox" time="34.283"/>
  <system-out/>
  <testcase classname="TestNG.VerifyHomePage" name="verifySignInPage" time="16.574"/>
  <system-out/>
  <testcase classname="TestNG.VerifyHomePage" name="verifySignInPage" time="15.985"/>
  <system-out/>
</testsuite> <!-- TestNG.VerifyHomePage -->
