<?xml version="1.0" encoding="UTF-8"?>
<!-- Generated by org.testng.reporters.JUnitReportReporter -->
<testsuite hostname="DESKTOP-BHR3PSD" failures="0" tests="2" name="TestNG.TestClassNG1" time="13.704" errors="0" timestamp="2023-03-22T20:46:59 IST" skipped="0">
  <testcase classname="TestNG.TestClassNG1" name="verifyAmazonBusinessPage" time="5.210"/>
  <system-out/>
  <testcase classname="TestNG.TestClassNG1" name="verifyLearnMoreAboutAmazonLink" time="8.494"/>
  <system-out/>
</testsuite> <!-- TestNG.TestClassNG1 -->
