<?xml version="1.0" encoding="UTF-8"?>
<!-- Generated by org.testng.reporters.JUnitReportReporter -->
<testsuite hostname="DESKTOP-BHR3PSD" failures="0" tests="4" name="TestNG.VerifyAmazonBusinessPage" time="167.756" errors="0" timestamp="2023-04-01T16:15:49 IST" skipped="0">
  <testcase classname="TestNG.VerifyAmazonBusinessPage" name="verifyAmazonBusinessPage" time="12.360"/>
  <system-out/>
  <testcase classname="TestNG.VerifyAmazonBusinessPage" name="verifyAmazonBusinessPage" time="40.136"/>
  <system-out/>
  <testcase classname="TestNG.VerifyAmazonBusinessPage" name="verifyLearnMoreAboutAmazonLink" time="67.189"/>
  <system-out/>
  <testcase classname="TestNG.VerifyAmazonBusinessPage" name="verifyLearnMoreAboutAmazonLink" time="48.071"/>
  <system-out/>
</testsuite> <!-- TestNG.VerifyAmazonBusinessPage -->
